#
# A fatal error has been detected by the Java Runtime Environment:
#
#  Internal Error (constantPoolOop.cpp:76), pid=3084, tid=596
#  guarantee(error != (symbolOop)NULL) failed: tag mismatch with resolution error table
#
# JRE version: 6.0_24-b07
# Java VM: Java HotSpot(TM) Client VM (19.1-b02 mixed mode windows-x86 )
# If you would like to submit a bug report, please visit:
#   http://java.sun.com/webapps/bugreport/crash.jsp
#

---------------  T H R E A D  ---------------

Current thread (0x276e4800):  JavaThread "19286893@qtp-15656264-0" [_thread_in_vm, id=596, stack(0x27dd0000,0x27e20000)]

Stack: [0x27dd0000,0x27e20000],  sp=0x27e1e948,  free space=314k
Native frames: (J=compiled Java code, j=interpreted, Vv=VM code, C=native code)
V  [jvm.dll+0x1fa487]
V  [jvm.dll+0xa32dc]
V  [jvm.dll+0xa0c25]
V  [jvm.dll+0xa147a]
V  [jvm.dll+0x1551c8]
V  [jvm.dll+0x155c87]
V  [jvm.dll+0x155e80]
V  [jvm.dll+0xee65c]
j  org.openintents.cloudsync.server.CloudSyncService.getAppEngineTime()Ljava/lang/Long;+10
v  ~StubRoutines::call_stub
V  [jvm.dll+0xf0ab9]
V  [jvm.dll+0x1837d1]
V  [jvm.dll+0xf0b3d]
V  [jvm.dll+0x19ebe3]
V  [jvm.dll+0x19f526]
V  [jvm.dll+0x11cd49]
C  [java.dll+0x7136]
j  sun.reflect.NativeMethodAccessorImpl.invoke(Ljava/lang/Object;[Ljava/lang/Object;)Ljava/lang/Object;+87
J  sun.reflect.DelegatingMethodAccessorImpl.invoke(Ljava/lang/Object;[Ljava/lang/Object;)Ljava/lang/Object;
j  com.google.web.bindery.requestfactory.server.ServiceLayerDecorator.invoke(Ljava/lang/reflect/Method;[Ljava/lang/Object;)Ljava/lang/Object;+6
j  com.google.web.bindery.requestfactory.server.ServiceLayerDecorator.invoke(Ljava/lang/reflect/Method;[Ljava/lang/Object;)Ljava/lang/Object;+6
j  com.google.web.bindery.requestfactory.server.SimpleRequestProcessor.processInvocationMessages(Lcom/google/web/bindery/requestfactory/server/RequestState;Lcom/google/web/bindery/requestfactory/shared/messages/RequestMessage;Ljava/util/List;Ljava/util/List;Lcom/google/web/bindery/requestfactory/server/RequestState;)V+288
j  com.google.web.bindery.requestfactory.server.SimpleRequestProcessor.process(Lcom/google/web/bindery/requestfactory/shared/messages/RequestMessage;Lcom/google/web/bindery/requestfactory/shared/messages/ResponseMessage;)V+126
j  com.google.web.bindery.requestfactory.server.SimpleRequestProcessor.process(Ljava/lang/String;)Ljava/lang/String;+68
j  com.google.web.bindery.requestfactory.server.RequestFactoryServlet.doPost(Ljavax/servlet/http/HttpServletRequest;Ljavax/servlet/http/HttpServletResponse;)V+113
j  javax.servlet.http.HttpServlet.service(Ljavax/servlet/http/HttpServletRequest;Ljavax/servlet/http/HttpServletResponse;)V+139
j  javax.servlet.http.HttpServlet.service(Ljavax/servlet/ServletRequest;Ljavax/servlet/ServletResponse;)V+30
j  org.mortbay.jetty.servlet.ServletHolder.handle(Ljavax/servlet/ServletRequest;Ljavax/servlet/ServletResponse;)V+179
j  org.mortbay.jetty.servlet.ServletHandler$CachedChain.doFilter(Ljavax/servlet/ServletRequest;Ljavax/servlet/ServletResponse;)V+103
j  com.google.appengine.tools.development.HeaderVerificationFilter.doFilter(Ljavax/servlet/ServletRequest;Ljavax/servlet/ServletResponse;Ljavax/servlet/FilterChain;)V+12
j  org.mortbay.jetty.servlet.ServletHandler$CachedChain.doFilter(Ljavax/servlet/ServletRequest;Ljavax/servlet/ServletResponse;)V+53
j  com.google.appengine.api.blobstore.dev.ServeBlobFilter.doFilter(Ljavax/servlet/ServletRequest;Ljavax/servlet/ServletResponse;Ljavax/servlet/FilterChain;)V+17
j  org.mortbay.jetty.servlet.ServletHandler$CachedChain.doFilter(Ljavax/servlet/ServletRequest;Ljavax/servlet/ServletResponse;)V+53
j  com.google.apphosting.utils.servlet.TransactionCleanupFilter.doFilter(Ljavax/servlet/ServletRequest;Ljavax/servlet/ServletResponse;Ljavax/servlet/FilterChain;)V+3
j  org.mortbay.jetty.servlet.ServletHandler$CachedChain.doFilter(Ljavax/servlet/ServletRequest;Ljavax/servlet/ServletResponse;)V+53
j  com.google.appengine.tools.development.StaticFileFilter.doFilter(Ljavax/servlet/ServletRequest;Ljavax/servlet/ServletResponse;Ljavax/servlet/FilterChain;)V+260
j  org.mortbay.jetty.servlet.ServletHandler$CachedChain.doFilter(Ljavax/servlet/ServletRequest;Ljavax/servlet/ServletResponse;)V+53
j  com.google.appengine.tools.development.BackendServersFilter.doFilter(Ljavax/servlet/ServletRequest;Ljavax/servlet/ServletResponse;Ljavax/servlet/FilterChain;)V+103
j  org.mortbay.jetty.servlet.ServletHandler$CachedChain.doFilter(Ljavax/servlet/ServletRequest;Ljavax/servlet/ServletResponse;)V+53
j  org.mortbay.jetty.servlet.ServletHandler.handle(Ljava/lang/String;Ljavax/servlet/http/HttpServletRequest;Ljavax/servlet/http/HttpServletResponse;I)V+470
j  org.mortbay.jetty.security.SecurityHandler.handle(Ljava/lang/String;Ljavax/servlet/http/HttpServletRequest;Ljavax/servlet/http/HttpServletResponse;I)V+206
j  org.mortbay.jetty.servlet.SessionHandler.handle(Ljava/lang/String;Ljavax/servlet/http/HttpServletRequest;Ljavax/servlet/http/HttpServletResponse;I)V+225
j  org.mortbay.jetty.handler.ContextHandler.handle(Ljava/lang/String;Ljavax/servlet/http/HttpServletRequest;Ljavax/servlet/http/HttpServletResponse;I)V+714
j  org.mortbay.jetty.webapp.WebAppContext.handle(Ljava/lang/String;Ljavax/servlet/http/HttpServletRequest;Ljavax/servlet/http/HttpServletResponse;I)V+25
j  com.google.appengine.tools.development.DevAppEngineWebAppContext.handle(Ljava/lang/String;Ljavax/servlet/http/HttpServletRequest;Ljavax/servlet/http/HttpServletResponse;I)V+59
j  org.mortbay.jetty.handler.HandlerWrapper.handle(Ljava/lang/String;Ljavax/servlet/http/HttpServletRequest;Ljavax/servlet/http/HttpServletResponse;I)V+23
j  com.google.appengine.tools.development.JettyContainerService$ApiProxyHandler.handle(Ljava/lang/String;Ljavax/servlet/http/HttpServletRequest;Ljavax/servlet/http/HttpServletResponse;I)V+79
j  org.mortbay.jetty.handler.HandlerWrapper.handle(Ljava/lang/String;Ljavax/servlet/http/HttpServletRequest;Ljavax/servlet/http/HttpServletResponse;I)V+23
j  org.mortbay.jetty.Server.handle(Lorg/mortbay/jetty/HttpConnection;)V+114
j  org.mortbay.jetty.HttpConnection.handleRequest()V+138
j  org.mortbay.jetty.HttpConnection$RequestHandler.content(Lorg/mortbay/io/Buffer;)V+23
J  org.mortbay.jetty.HttpParser.parseNext()J
j  org.mortbay.jetty.HttpConnection.handle()V+124
j  org.mortbay.io.nio.SelectChannelEndPoint.run()V+4
j  org.mortbay.thread.QueuedThreadPool$PoolThread.run()V+25
v  ~StubRoutines::call_stub
V  [jvm.dll+0xf0ab9]
V  [jvm.dll+0x1837d1]
V  [jvm.dll+0xf0c61]
V  [jvm.dll+0xf0cbb]
V  [jvm.dll+0x11b4b9]
V  [jvm.dll+0x1e4624]
V  [jvm.dll+0x18317c]
C  [msvcr71.dll+0x9565]
C  [kernel32.dll+0xb729]

Java frames: (J=compiled Java code, j=interpreted, Vv=VM code)
j  org.openintents.cloudsync.server.CloudSyncService.getAppEngineTime()Ljava/lang/Long;+10
v  ~StubRoutines::call_stub
j  sun.reflect.NativeMethodAccessorImpl.invoke0(Ljava/lang/reflect/Method;Ljava/lang/Object;[Ljava/lang/Object;)Ljava/lang/Object;+0
j  sun.reflect.NativeMethodAccessorImpl.invoke(Ljava/lang/Object;[Ljava/lang/Object;)Ljava/lang/Object;+87
J  sun.reflect.DelegatingMethodAccessorImpl.invoke(Ljava/lang/Object;[Ljava/lang/Object;)Ljava/lang/Object;
J  java.lang.reflect.Method.invoke(Ljava/lang/Object;[Ljava/lang/Object;)Ljava/lang/Object;
J  com.google.appengine.tools.development.agent.runtime.Runtime.invoke(Ljava/lang/reflect/Method;Ljava/lang/Object;[Ljava/lang/Object;)Ljava/lang/Object;
j  com.google.web.bindery.requestfactory.server.ReflectiveServiceLayer.invoke(Ljava/lang/reflect/Method;[Ljava/lang/Object;)Ljava/lang/Object;+66
j  com.google.web.bindery.requestfactory.server.ServiceLayerDecorator.invoke(Ljava/lang/reflect/Method;[Ljava/lang/Object;)Ljava/lang/Object;+6
j  com.google.web.bindery.requestfactory.server.ServiceLayerDecorator.invoke(Ljava/lang/reflect/Method;[Ljava/lang/Object;)Ljava/lang/Object;+6
j  com.google.web.bindery.requestfactory.server.SimpleRequestProcessor.processInvocationMessages(Lcom/google/web/bindery/requestfactory/server/RequestState;Lcom/google/web/bindery/requestfactory/shared/messages/RequestMessage;Ljava/util/List;Ljava/util/List;Lcom/google/web/bindery/requestfactory/server/RequestState;)V+288
j  com.google.web.bindery.requestfactory.server.SimpleRequestProcessor.process(Lcom/google/web/bindery/requestfactory/shared/messages/RequestMessage;Lcom/google/web/bindery/requestfactory/shared/messages/ResponseMessage;)V+126
j  com.google.web.bindery.requestfactory.server.SimpleRequestProcessor.process(Ljava/lang/String;)Ljava/lang/String;+68
j  com.google.web.bindery.requestfactory.server.RequestFactoryServlet.doPost(Ljavax/servlet/http/HttpServletRequest;Ljavax/servlet/http/HttpServletResponse;)V+113
j  javax.servlet.http.HttpServlet.service(Ljavax/servlet/http/HttpServletRequest;Ljavax/servlet/http/HttpServletResponse;)V+139
j  javax.servlet.http.HttpServlet.service(Ljavax/servlet/ServletRequest;Ljavax/servlet/ServletResponse;)V+30
j  org.mortbay.jetty.servlet.ServletHolder.handle(Ljavax/servlet/ServletRequest;Ljavax/servlet/ServletResponse;)V+179
j  org.mortbay.jetty.servlet.ServletHandler$CachedChain.doFilter(Ljavax/servlet/ServletRequest;Ljavax/servlet/ServletResponse;)V+103
j  com.google.appengine.tools.development.HeaderVerificationFilter.doFilter(Ljavax/servlet/ServletRequest;Ljavax/servlet/ServletResponse;Ljavax/servlet/FilterChain;)V+12
j  org.mortbay.jetty.servlet.ServletHandler$CachedChain.doFilter(Ljavax/servlet/ServletRequest;Ljavax/servlet/ServletResponse;)V+53
j  com.google.appengine.api.blobstore.dev.ServeBlobFilter.doFilter(Ljavax/servlet/ServletRequest;Ljavax/servlet/ServletResponse;Ljavax/servlet/FilterChain;)V+17
j  org.mortbay.jetty.servlet.ServletHandler$CachedChain.doFilter(Ljavax/servlet/ServletRequest;Ljavax/servlet/ServletResponse;)V+53
j  com.google.apphosting.utils.servlet.TransactionCleanupFilter.doFilter(Ljavax/servlet/ServletRequest;Ljavax/servlet/ServletResponse;Ljavax/servlet/FilterChain;)V+3
j  org.mortbay.jetty.servlet.ServletHandler$CachedChain.doFilter(Ljavax/servlet/ServletRequest;Ljavax/servlet/ServletResponse;)V+53
j  com.google.appengine.tools.development.StaticFileFilter.doFilter(Ljavax/servlet/ServletRequest;Ljavax/servlet/ServletResponse;Ljavax/servlet/FilterChain;)V+260
j  org.mortbay.jetty.servlet.ServletHandler$CachedChain.doFilter(Ljavax/servlet/ServletRequest;Ljavax/servlet/ServletResponse;)V+53
j  com.google.appengine.tools.development.BackendServersFilter.doFilter(Ljavax/servlet/ServletRequest;Ljavax/servlet/ServletResponse;Ljavax/servlet/FilterChain;)V+103
j  org.mortbay.jetty.servlet.ServletHandler$CachedChain.doFilter(Ljavax/servlet/ServletRequest;Ljavax/servlet/ServletResponse;)V+53
j  org.mortbay.jetty.servlet.ServletHandler.handle(Ljava/lang/String;Ljavax/servlet/http/HttpServletRequest;Ljavax/servlet/http/HttpServletResponse;I)V+470
j  org.mortbay.jetty.security.SecurityHandler.handle(Ljava/lang/String;Ljavax/servlet/http/HttpServletRequest;Ljavax/servlet/http/HttpServletResponse;I)V+206
j  org.mortbay.jetty.servlet.SessionHandler.handle(Ljava/lang/String;Ljavax/servlet/http/HttpServletRequest;Ljavax/servlet/http/HttpServletResponse;I)V+225
j  org.mortbay.jetty.handler.ContextHandler.handle(Ljava/lang/String;Ljavax/servlet/http/HttpServletRequest;Ljavax/servlet/http/HttpServletResponse;I)V+714
j  org.mortbay.jetty.webapp.WebAppContext.handle(Ljava/lang/String;Ljavax/servlet/http/HttpServletRequest;Ljavax/servlet/http/HttpServletResponse;I)V+25
j  com.google.appengine.tools.development.DevAppEngineWebAppContext.handle(Ljava/lang/String;Ljavax/servlet/http/HttpServletRequest;Ljavax/servlet/http/HttpServletResponse;I)V+59
j  org.mortbay.jetty.handler.HandlerWrapper.handle(Ljava/lang/String;Ljavax/servlet/http/HttpServletRequest;Ljavax/servlet/http/HttpServletResponse;I)V+23
j  com.google.appengine.tools.development.JettyContainerService$ApiProxyHandler.handle(Ljava/lang/String;Ljavax/servlet/http/HttpServletRequest;Ljavax/servlet/http/HttpServletResponse;I)V+79
j  org.mortbay.jetty.handler.HandlerWrapper.handle(Ljava/lang/String;Ljavax/servlet/http/HttpServletRequest;Ljavax/servlet/http/HttpServletResponse;I)V+23
j  org.mortbay.jetty.Server.handle(Lorg/mortbay/jetty/HttpConnection;)V+114
j  org.mortbay.jetty.HttpConnection.handleRequest()V+138
j  org.mortbay.jetty.HttpConnection$RequestHandler.content(Lorg/mortbay/io/Buffer;)V+23
J  org.mortbay.jetty.HttpParser.parseNext()J
j  org.mortbay.jetty.HttpParser.parseAvailable()J+44
j  org.mortbay.jetty.HttpConnection.handle()V+124
j  org.mortbay.io.nio.SelectChannelEndPoint.run()V+4
j  org.mortbay.thread.QueuedThreadPool$PoolThread.run()V+25
v  ~StubRoutines::call_stub

---------------  P R O C E S S  ---------------

Java Threads: ( => current thread )
  0x27465000 JavaThread "pool-1-thread-5" daemon [_thread_blocked, id=3000, stack(0x278e0000,0x27930000)]
  0x283f4800 JavaThread "Thread-14" daemon [_thread_blocked, id=3116, stack(0x27d30000,0x27d80000)]
  0x283f4400 JavaThread "Thread-13" daemon [_thread_blocked, id=3568, stack(0x27ca0000,0x27cf0000)]
  0x277fc400 JavaThread "Timer-0" daemon [_thread_blocked, id=2860, stack(0x27e70000,0x27ec0000)]
  0x276e2c00 JavaThread "16495134@qtp-15656264-1 - Acceptor0 SelectChannelConnector@0.0.0.0:8888" [_thread_in_native, id=1744, stack(0x27e20000,0x27e70000)]
=>0x276e4800 JavaThread "19286893@qtp-15656264-0" [_thread_in_vm, id=596, stack(0x27dd0000,0x27e20000)]
  0x2750f400 JavaThread "Code server listener" daemon [_thread_in_native, id=1404, stack(0x27c00000,0x27c50000)]
  0x274e7c00 JavaThread "com.google.gwt.thirdparty.guava.common.base.internal.Finalizer" daemon [_thread_blocked, id=3436, stack(0x27b40000,0x27b90000)]
  0x272ac000 JavaThread "UnitWriteThread" daemon [_thread_blocked, id=1596, stack(0x27960000,0x279b0000)]
  0x272e6800 JavaThread "Thread-2" daemon [_thread_blocked, id=2380, stack(0x27870000,0x278c0000)]
  0x27329800 JavaThread "Thread-1" [_thread_in_native, id=200, stack(0x27820000,0x27870000)]
  0x27285c00 JavaThread "Low Memory Detector" daemon [_thread_blocked, id=3216, stack(0x27380000,0x273d0000)]
  0x27282800 JavaThread "CompilerThread0" daemon [_thread_blocked, id=3292, stack(0x27330000,0x27380000)]
  0x26da5800 JavaThread "JDWP Command Reader" daemon [_thread_in_native, id=2392, stack(0x270e0000,0x27130000)]
  0x26d9a400 JavaThread "JDWP Event Helper Thread" daemon [_thread_blocked, id=540, stack(0x27090000,0x270e0000)]
  0x26d97c00 JavaThread "JDWP Transport Listener: dt_socket" daemon [_thread_blocked, id=2280, stack(0x27040000,0x27090000)]
  0x26d8b800 JavaThread "Attach Listener" daemon [_thread_blocked, id=2880, stack(0x26f40000,0x26f90000)]
  0x26d8a800 JavaThread "Signal Dispatcher" daemon [_thread_blocked, id=2292, stack(0x26ef0000,0x26f40000)]
  0x26d7c400 JavaThread "Finalizer" daemon [_thread_blocked, id=1180, stack(0x26ea0000,0x26ef0000)]
  0x26d77800 JavaThread "Reference Handler" daemon [_thread_blocked, id=2232, stack(0x26e50000,0x26ea0000)]
  0x00849400 JavaThread "main" [_thread_blocked, id=1980, stack(0x008e0000,0x00930000)]

Other Threads:
  0x26d73c00 VMThread [stack: 0x26e00000,0x26e50000] [id=2252]
  0x27298c00 WatcherThread [stack: 0x273d0000,0x27420000] [id=2448]

VM state:not at safepoint (normal execution)

VM Mutex/Monitor currently owned by a thread: None

Heap
 def new generation   total 17664K, used 15264K [0x02af0000, 0x03e10000, 0x0d590000)
  eden space 15744K,  92% used [0x02af0000, 0x0393c428, 0x03a50000)
  from space 1920K,  32% used [0x03c30000, 0x03ccbdb0, 0x03e10000)
  to   space 1920K,   0% used [0x03a50000, 0x03a50000, 0x03c30000)
 tenured generation   total 39092K, used 23503K [0x0d590000, 0x0fbbd000, 0x22af0000)
   the space 39092K,  60% used [0x0d590000, 0x0ec83fb0, 0x0ec84000, 0x0fbbd000)
 compacting perm gen  total 24832K, used 24829K [0x22af0000, 0x24330000, 0x26af0000)
   the space 24832K,  99% used [0x22af0000, 0x2432f620, 0x2432f800, 0x24330000)
No shared spaces configured.

Dynamic libraries:
0x00400000 - 0x00424000 	H:\Program Files\Java\jre6\bin\javaw.exe
0x7c900000 - 0x7c9b2000 	H:\WINDOWS\system32\ntdll.dll
0x7c800000 - 0x7c8f6000 	H:\WINDOWS\system32\kernel32.dll
0x64d00000 - 0x64d37000 	H:\Program Files\AVAST Software\Avast\snxhk.dll
0x77dd0000 - 0x77e6b000 	H:\WINDOWS\system32\ADVAPI32.dll
0x77e70000 - 0x77f03000 	H:\WINDOWS\system32\RPCRT4.dll
0x77fe0000 - 0x77ff1000 	H:\WINDOWS\system32\Secur32.dll
0x7e410000 - 0x7e4a1000 	H:\WINDOWS\system32\USER32.dll
0x77f10000 - 0x77f59000 	H:\WINDOWS\system32\GDI32.dll
0x76390000 - 0x763ad000 	H:\WINDOWS\system32\IMM32.DLL
0x7c340000 - 0x7c396000 	H:\Program Files\Java\jre6\bin\msvcr71.dll
0x6d7f0000 - 0x6da96000 	H:\Program Files\Java\jre6\bin\client\jvm.dll
0x76b40000 - 0x76b6d000 	H:\WINDOWS\system32\WINMM.dll
0x6d7a0000 - 0x6d7ac000 	H:\Program Files\Java\jre6\bin\verify.dll
0x6d320000 - 0x6d33f000 	H:\Program Files\Java\jre6\bin\java.dll
0x6d280000 - 0x6d288000 	H:\Program Files\Java\jre6\bin\hpi.dll
0x76bf0000 - 0x76bfb000 	H:\WINDOWS\system32\PSAPI.DLL
0x6d370000 - 0x6d399000 	H:\Program Files\Java\jre6\bin\jdwp.dll
0x6d690000 - 0x6d696000 	H:\Program Files\Java\jre6\bin\npt.dll
0x6d2c0000 - 0x6d2da000 	H:\Program Files\Java\jre6\bin\instrument.dll
0x6d7e0000 - 0x6d7ef000 	H:\Program Files\Java\jre6\bin\zip.dll
0x6d200000 - 0x6d207000 	H:\Program Files\Java\jre6\bin\dt_socket.dll
0x71ab0000 - 0x71ac7000 	H:\WINDOWS\system32\WS2_32.dll
0x77c10000 - 0x77c68000 	H:\WINDOWS\system32\msvcrt.dll
0x71aa0000 - 0x71aa8000 	H:\WINDOWS\system32\WS2HELP.dll
0x71a50000 - 0x71a8f000 	H:\WINDOWS\System32\mswsock.dll
0x76f20000 - 0x76f47000 	H:\WINDOWS\system32\DNSAPI.dll
0x76d60000 - 0x76d79000 	H:\WINDOWS\system32\iphlpapi.dll
0x76fb0000 - 0x76fb8000 	H:\WINDOWS\System32\winrnr.dll
0x76f60000 - 0x76f8c000 	H:\WINDOWS\system32\WLDAP32.dll
0x76fc0000 - 0x76fc6000 	H:\WINDOWS\system32\rasadhlp.dll
0x662b0000 - 0x66308000 	H:\WINDOWS\system32\hnetcfg.dll
0x71a90000 - 0x71a98000 	H:\WINDOWS\System32\wshtcpip.dll
0x6d600000 - 0x6d613000 	H:\Program Files\Java\jre6\bin\net.dll
0x67600000 - 0x67609000 	H:\Program Files\EclipseVersions\eclipse\plugins\com.google.gwt.eclipse.sdkbundle_2.4.0.v201205091048-rel-r37\gwt-2.4.0\gwt-ll.dll
0x3d930000 - 0x3da17000 	H:\WINDOWS\system32\wininet.dll
0x77f60000 - 0x77fd6000 	H:\WINDOWS\system32\SHLWAPI.dll
0x279b0000 - 0x279b9000 	H:\WINDOWS\system32\Normaliz.dll
0x78130000 - 0x78264000 	H:\WINDOWS\system32\urlmon.dll
0x774e0000 - 0x7761e000 	H:\WINDOWS\system32\ole32.dll
0x77120000 - 0x771ab000 	H:\WINDOWS\system32\OLEAUT32.dll
0x3dfd0000 - 0x3e1bb000 	H:\WINDOWS\system32\iertutil.dll
0x773d0000 - 0x774d3000 	H:\WINDOWS\WinSxS\x86_Microsoft.Windows.Common-Controls_6595b64144ccf1df_6.0.2600.6028_x-ww_61e65202\comctl32.dll
0x7c9c0000 - 0x7d1d8000 	H:\WINDOWS\system32\SHELL32.dll
0x76ee0000 - 0x76f1c000 	H:\WINDOWS\system32\RASAPI32.dll
0x76e90000 - 0x76ea2000 	H:\WINDOWS\system32\rasman.dll
0x5b860000 - 0x5b8b6000 	H:\WINDOWS\system32\NETAPI32.dll
0x76eb0000 - 0x76edf000 	H:\WINDOWS\system32\TAPI32.dll
0x76e80000 - 0x76e8e000 	H:\WINDOWS\system32\rtutils.dll
0x769c0000 - 0x76a74000 	H:\WINDOWS\system32\USERENV.dll
0x722b0000 - 0x722b5000 	H:\WINDOWS\system32\sensapi.dll
0x59c00000 - 0x59c07000 	H:\WINDOWS\system32\credssp.dll
0x77a80000 - 0x77b15000 	H:\WINDOWS\system32\CRYPT32.dll
0x77b20000 - 0x77b32000 	H:\WINDOWS\system32\MSASN1.dll
0x767f0000 - 0x76819000 	H:\WINDOWS\system32\schannel.dll
0x77c70000 - 0x77c95000 	H:\WINDOWS\system32\msv1_0.dll
0x76790000 - 0x7679c000 	H:\WINDOWS\system32\cryptdll.dll
0x68000000 - 0x68036000 	H:\WINDOWS\system32\rsaenh.dll
0x6d620000 - 0x6d629000 	H:\Program Files\Java\jre6\bin\nio.dll

VM Arguments:
jvm_args: -agentlib:jdwp=transport=dt_socket,suspend=y,address=localhost:1613 -Xmx512m -javaagent:H:\Program Files\EclipseVersions\eclipse\plugins\com.google.appengine.eclipse.sdkbundle_1.6.6\appengine-java-sdk-1.6.6\lib\agent\appengine-agent.jar -Dfile.encoding=Cp1252 
java_command: com.google.gwt.dev.DevMode -remoteUI 1420:2230570475297 -startupUrl CloudSync.html -logLevel INFO -codeServerPort 9997 -port 8888 -server com.google.appengine.tools.development.gwt.AppEngineLauncher -war F:\HandwrittenCode\EclipseWorkIndigoSR2\CloudSync-AppEngine\war org.openintents.cloudsync.CloudSync
Launcher Type: SUN_STANDARD

Environment Variables:
PATH=H:/Program Files/Java/jre6/bin/client;H:/Program Files/Java/jre6/bin;H:/Program Files/Java/jre6/lib/i386;H:\WINDOWS\system32;H:\WINDOWS;H:\WINDOWS\System32\Wbem;H:\Program Files\Git\cmd;H:\Cygwin\bin;H:\Program Files\TortoiseSVN\bin;H:\Program Files\EclipseVersions\eclipse;
USERNAME=vinceXP
OS=Windows_NT
PROCESSOR_IDENTIFIER=x86 Family 6 Model 42 Stepping 7, GenuineIntel



---------------  S Y S T E M  ---------------

OS: Windows XP Build 2600 Service Pack 3

CPU:total 4 (2 cores per cpu, 2 threads per core) family 6 model 42 stepping 7, cmov, cx8, fxsr, mmx, sse, sse2, sse3, ssse3, sse4.1, sse4.2, popcnt, ht

Memory: 4k page, physical 2029868k(420940k free), swap 3963316k(2240304k free)

vm_info: Java HotSpot(TM) Client VM (19.1-b02) for windows-x86 JRE (1.6.0_24-b07), built on Feb  2 2011 17:44:41 by "java_re" with MS VC++ 7.1 (VS2003)

time: Thu May 31 04:10:32 2012
elapsed time: 1851 seconds

